
FAILURE: Build failed with an exception.

* What went wrong:
Problem configuring task :app:assembleDebug from command line.
> Unknown command-line option '-X'.

* Try:
> Run gradlew help --task :app:assembleDebug to get task usage details.
> Run with --stacktrace option to get the stack trace.
> Run with --info or --debug option to get more log output.
> Run with --scan to get full insights.
> Get more help at https://help.gradle.org.

BUILD FAILED in 1s
