> Task :app:preBuild UP-TO-DATE
> Task :app:preDebugBuild UP-TO-DATE
> Task :app:checkDebugAarMetadata UP-TO-DATE
> Task :app:processDebugNavigationResources UP-TO-DATE
> Task :app:compileDebugNavigationResources UP-TO-DATE
> Task :app:generateDebugResValues UP-TO-DATE
> Task :app:mapDebugSourceSetPaths UP-TO-DATE
> Task :app:generateDebugResources UP-TO-DATE
> Task :app:mergeDebugResources UP-TO-DATE
> Task :app:packageDebugResources UP-TO-DATE
> Task :app:parseDebugLocalResources UP-TO-DATE
> Task :app:createDebugCompatibleScreenManifests UP-TO-DATE
> Task :app:extractDeepLinksDebug UP-TO-DATE
> Task :app:processDebugMainManifest UP-TO-DATE
> Task :app:processDebugManifest UP-TO-DATE
> Task :app:processDebugManifestForPackage UP-TO-DATE
> Task :app:processDebugResources FAILED

FAILURE: Build failed with an exception.

* What went wrong:
Execution failed for task ':app:processDebugResources'.
> A failure occurred while executing com.android.build.gradle.internal.res.LinkApplicationAndroidResourcesTask$TaskAction
   > Android resource linking failed
     com.example.mysoftpos.app-mergeDebugResources-36:/layout/fragment_my_qr.xml:89: error: resource style/KeypadKeyIcon (aka com.example.mysoftpos:style/KeypadKeyIcon) not found.
     com.example.mysoftpos.app-mergeDebugResources-36:/layout/fragment_my_qr.xml:105: error: resource style/KeypadKeySpacer (aka com.example.mysoftpos:style/KeypadKeySpacer) not found.
     com.example.mysoftpos.app-mergeDebugResources-36:/layout/fragment_my_qr.xml:121: error: resource style/KeypadKeySpacer (aka com.example.mysoftpos:style/KeypadKeySpacer) not found.
     com.example.mysoftpos.app-mergeDebugResources-36:/layout/fragment_my_qr.xml:133: error: resource style/KeypadKeySpacer (aka com.example.mysoftpos:style/KeypadKeySpacer) not found.
     com.example.mysoftpos.app-mergeDebugResources-36:/layout/fragment_my_qr.xml:137: error: resource style/KeypadDone (aka com.example.mysoftpos:style/KeypadDone) not found.
     error: failed linking file resources.


* Try:
> Run with --stacktrace option to get the stack trace.
> Run with --info or --debug option to get more log output.
> Run with --scan to get full insights.
> Get more help at https://help.gradle.org.

BUILD FAILED in 3s
15 actionable tasks: 1 executed, 14 up-to-date
